nsim_temps = 15
# of Hamiltonians = 1
hamiltonian_file = undefined
hamiltonian_type = undefined
enerest_col = -1
output_prefix = cv/prot
tmin = 286
tmax = 407
dt = 0.1
tlist = 
freenrg_file = free_energy.dat
initial_guess = yes
ene_integer = no
ene_files = wham_ene_files.txt
enetot_col = 1
ene_nbins = 500
obs_files = undefined
obs1_col = 
obs1_name = undefined
obs1_nbins = undefined
obs1_binsize = undefined
obs1_multiby = 1
obs2_col = 
obs2_name = undefined
obs2_nbins = undefined
obs2_binsize = undefined
obs2_multiby = 1
obs3_col = 
obs3_name = undefined
obs3_nbins = undefined
obs3_binsize = undefined
obs3_multiby = 1
1d_distributions = 
2d_distributions = 
3d_distributions = 
dimensions = 0d
free_energies = 
heat_capacity = off
kbunits = kcal
log = wham_cv.log
ppn = 15
max_iterations = 500
avg_obs1_vs_obs2 = off
avg_obs2_vs_obs1 = off
restraining_obs_col = -1
orm_ene_files_1 = undefined
orm_asp_col_1 = -1
orm_init_conc_1 = -1
orm_conc_min_1 = -1
orm_conc_max_1 = -1
orm_nconc_1 = -1
orm_ene_files_2 = undefined
orm_asp_col_2 = -1
orm_init_conc_2 = -1
orm_conc_min_2 = -1
orm_conc_max_2 = -1
orm_nconc_2 = -1
tmtm_ene_files = undefined
tmtm_ene_col = -1
tmtm_sw = off
tmtm_tref = -1
cond_file = undefined
cond_col = 0
cond_type = undefined
cond_val1 = -1
cond_val2 = -1
enthalpy = off
pH_of_sim = -1
pH_min = -1
pH_max = -1
dpH = 1
nTitratible_scs = -1
pKa_asa_file = undefined
obs_dist_sw = off
obs_dist_name = undefined
obs_dist_col1 = -1
obs_dist_col2 = -1
cf_min = -1
cf_max = -1
df = -1
skip_nlines = 1
variable_slnc = -1
cf_new = -1
pH_new = -1
osmo_conc_new = -1
normalize_by = z0
breakup_traj = -1
traj_segment = -1
skip_first_nlines = 1
Reading data from frames 1 to 1000000000000
Completed initial assesment:
emax = 247.840438, emin = -247.840438, ebinmax = 501, de = 0.991361752
Free Energies were read in as an initial guess:
306.0 1 -5.20489863575
316.0 1 4.2561838109
326.0 1 12.5181168049
333.0 1 17.6259179426
339.0 1 21.5051922293
343.0 1 21.7177331292
345.0 1 20.5587109873
346.0 1 19.9346983953
347.0 1 19.3047424653
349.0 1 18.0391821226
353.0 1 15.5000510852
359.0 1 11.6814144004
367.0 1 6.58542733786
377.0 1 0.232832616059
387.0 1 -6.07489134648
..1, 11:7:39
..2, 11:7:39
..3, 11:7:39
..4, 11:7:39
..5, 11:7:39
..6, 11:7:39
..7, 11:7:39
..8, 11:7:39
..9, 11:7:39
..10, 11:7:39
..11, 11:7:39
..12, 11:7:39
..13, 11:7:39
..14, 11:7:39
..15, 11:7:39
1, 6.78468184505121e-05   11:7:39 11:8:2
..1, 11:8:2
..2, 11:8:2
..3, 11:8:2
..4, 11:8:2
..5, 11:8:2
..6, 11:8:2
..7, 11:8:2
..8, 11:8:2
..9, 11:8:2
..10, 11:8:2
..11, 11:8:2
..12, 11:8:2
..13, 11:8:2
..14, 11:8:2
..15, 11:8:2
2, 2.27751662498221e-05   11:8:2 11:8:22
..1, 11:8:22
..2, 11:8:22
..3, 11:8:22
..4, 11:8:22
..5, 11:8:22
..6, 11:8:22
..7, 11:8:22
..8, 11:8:22
..9, 11:8:22
..10, 11:8:22
..11, 11:8:22
..12, 11:8:22
..13, 11:8:22
..14, 11:8:22
..15, 11:8:22
3, 1.57232051982703e-05   11:8:22 11:8:43
..1, 11:8:43
..2, 11:8:43
..3, 11:8:43
..4, 11:8:43
..5, 11:8:43
..6, 11:8:43
..7, 11:8:43
..8, 11:8:43
..9, 11:8:43
..10, 11:8:43
..11, 11:8:43
..12, 11:8:43
..13, 11:8:43
..14, 11:8:43
..15, 11:8:43
4, 1.41699969002929e-05   11:8:43 11:9:7
..1, 11:9:7
..2, 11:9:7
..3, 11:9:7
..4, 11:9:7
..5, 11:9:7
..6, 11:9:7
..7, 11:9:7
..8, 11:9:7
..9, 11:9:7
..10, 11:9:7
..11, 11:9:7
..12, 11:9:7
..13, 11:9:7
..14, 11:9:7
..15, 11:9:7
5, 1.36366497205387e-05   11:9:7 11:9:27
..1, 11:9:27
..2, 11:9:27
..3, 11:9:27
..4, 11:9:27
..5, 11:9:27
..6, 11:9:27
..7, 11:9:27
..8, 11:9:27
..9, 11:9:27
..10, 11:9:27
..11, 11:9:27
..12, 11:9:27
..13, 11:9:27
..14, 11:9:27
..15, 11:9:27
6, 1.34189491696191e-05   11:9:27 11:9:47
..1, 11:9:47
..2, 11:9:47
..3, 11:9:47
..4, 11:9:47
..5, 11:9:47
..6, 11:9:47
..7, 11:9:47
..8, 11:9:47
..9, 11:9:47
..10, 11:9:47
..11, 11:9:47
..12, 11:9:47
..13, 11:9:47
..14, 11:9:47
..15, 11:9:47
7, 1.30103173203722e-05   11:9:47 11:10:7
..1, 11:10:7
..2, 11:10:7
..3, 11:10:7
..4, 11:10:7
..5, 11:10:7
..6, 11:10:7
..7, 11:10:7
..8, 11:10:7
..9, 11:10:7
..10, 11:10:7
..11, 11:10:7
..12, 11:10:7
..13, 11:10:7
..14, 11:10:7
..15, 11:10:7
8, 1.25226718798999e-05   11:10:7 11:10:27
..1, 11:10:27
..2, 11:10:27
..3, 11:10:27
..4, 11:10:27
..5, 11:10:27
..6, 11:10:27
..7, 11:10:27
..8, 11:10:27
..9, 11:10:27
..10, 11:10:27
..11, 11:10:27
..12, 11:10:27
..13, 11:10:27
..14, 11:10:27
..15, 11:10:27
9, 1.20092703603802e-05   11:10:27 11:10:47
..1, 11:10:47
..2, 11:10:47
..3, 11:10:47
..4, 11:10:47
..5, 11:10:47
..6, 11:10:47
..7, 11:10:47
..8, 11:10:47
..9, 11:10:47
..10, 11:10:47
..11, 11:10:47
..12, 11:10:47
..13, 11:10:47
..14, 11:10:47
..15, 11:10:47
10, 1.14955760794899e-05   11:10:47 11:11:8
..1, 11:11:8
..2, 11:11:8
..3, 11:11:8
..4, 11:11:8
..5, 11:11:8
..6, 11:11:8
..7, 11:11:8
..8, 11:11:8
..9, 11:11:8
..10, 11:11:8
..11, 11:11:8
..12, 11:11:8
..13, 11:11:8
..14, 11:11:8
..15, 11:11:8
11, 1.0993497149947e-05   11:11:8 11:11:28
..1, 11:11:28
..2, 11:11:28
..3, 11:11:28
..4, 11:11:28
..5, 11:11:28
..6, 11:11:28
..7, 11:11:28
..8, 11:11:28
..9, 11:11:28
..10, 11:11:28
..11, 11:11:28
..12, 11:11:28
..13, 11:11:28
..14, 11:11:28
..15, 11:11:28
12, 1.05083213703949e-05   11:11:28 11:11:48
..1, 11:11:48
..2, 11:11:48
..3, 11:11:48
..4, 11:11:48
..5, 11:11:48
..6, 11:11:48
..7, 11:11:48
..8, 11:11:48
..9, 11:11:48
..10, 11:11:48
..11, 11:11:48
..12, 11:11:48
..13, 11:11:48
..14, 11:11:48
..15, 11:11:48
13, 1.00421220494695e-05   11:11:48 11:12:9
..1, 11:12:9
..2, 11:12:9
..3, 11:12:9
..4, 11:12:9
..5, 11:12:9
..6, 11:12:9
..7, 11:12:9
..8, 11:12:9
..9, 11:12:9
..10, 11:12:9
..11, 11:12:9
..12, 11:12:9
..13, 11:12:9
..14, 11:12:9
..15, 11:12:9
14, 9.5954263299447e-06   11:12:9 11:12:29
