## Start at Wed Apr 17 04:57:55 2019
## Round 1:
-> Set nscal as:
   Domain 1: nscal = 1.1556
   Domain 2: nscal = 1.1556
   Domain 3: nscal = 1.1556
   Interface 1|2: nscal = 1.2747
   Interface 1|3: nscal = 1.2747
   Interface 2|3: nscal = 1.2747
-> Running simulations...
-> Probability of domain stability:
   Domain 1: 1.000 0.999 1.000 0.999 0.999 0.999 0.999 0.999 1.000 0.999 stable
   Domain 2: 1.000 1.000 1.000 1.000 1.000 1.000 1.000 1.000 1.000 1.000 stable
   Domain 3: 1.000 1.000 1.000 1.000 1.000 1.000 1.000 1.000 1.000 1.000 stable
   Interface 1|2: 0.924 0.923 0.927 0.926 0.923 0.922 0.925 0.929 0.923 0.926 instable
   Interface 1|3: 1.000 1.000 1.000 1.000 1.000 1.000 1.000 1.000 1.000 1.000 stable
   Interface 2|3: 0.944 0.944 0.944 0.943 0.941 0.945 0.939 0.944 0.941 0.945 instable
## Round 2:
-> Set nscal as:
   Domain 1: nscal = 1.1556
   Domain 2: nscal = 1.1556
   Domain 3: nscal = 1.1556
   Interface 1|2: nscal = 1.5679
   Interface 1|3: nscal = 1.2747
   Interface 2|3: nscal = 1.5679
-> Running simulations...
-> Probability of domain stability:
   Domain 1: 1.000 1.000 1.000 1.000 1.000 1.000 1.000 1.000 1.000 1.000 stable
   Domain 2: 1.000 1.000 1.000 1.000 1.000 1.000 1.000 1.000 1.000 1.000 stable
   Domain 3: 1.000 1.000 1.000 1.000 1.000 1.000 1.000 1.000 1.000 1.000 stable
   Interface 1|2: 0.958 0.961 0.959 0.960 0.959 0.959 0.955 0.957 0.960 0.955 instable
   Interface 1|3: 1.000 1.000 1.000 1.000 1.000 1.000 1.000 1.000 1.000 1.000 stable
   Interface 2|3: 0.966 0.969 0.966 0.967 0.967 0.968 0.968 0.968 0.967 0.968 instable
## Round 3:
-> Set nscal as:
   Domain 1: nscal = 1.1556
   Domain 2: nscal = 1.1556
   Domain 3: nscal = 1.1556
   Interface 1|2: nscal = 1.8611
   Interface 1|3: nscal = 1.2747
   Interface 2|3: nscal = 1.8611
-> Running simulations...
-> Probability of domain stability:
   Domain 1: 1.000 1.000 1.000 1.000 1.000 1.000 1.000 1.000 1.000 1.000 stable
   Domain 2: 1.000 1.000 1.000 1.000 1.000 1.000 1.000 1.000 1.000 1.000 stable
   Domain 3: 1.000 1.000 1.000 1.000 1.000 1.000 1.000 1.000 1.000 1.000 stable
   Interface 1|2: 0.975 0.976 0.975 0.978 0.976 0.978 0.977 0.977 0.977 0.973 instable
   Interface 1|3: 1.000 1.000 1.000 1.000 1.000 1.000 1.000 1.000 1.000 1.000 stable
   Interface 2|3: 0.979 0.981 0.980 0.981 0.980 0.978 0.979 0.979 0.981 0.981 instable
## Round 4:
-> Set nscal as:
   Domain 1: nscal = 1.1556
   Domain 2: nscal = 1.1556
   Domain 3: nscal = 1.1556
   Interface 1|2: nscal = 2.167
   Interface 1|3: nscal = 1.2747
   Interface 2|3: nscal = 2.167
-> Running simulations...
-> Probability of domain stability:
   Domain 1: 1.000 1.000 1.000 1.000 1.000 1.000 1.000 1.000 1.000 1.000 stable
   Domain 2: 1.000 1.000 1.000 1.000 1.000 1.000 1.000 1.000 1.000 1.000 stable
   Domain 3: 1.000 1.000 1.000 1.000 1.000 1.000 1.000 1.000 1.000 1.000 stable
   Interface 1|2: 0.987 0.987 0.986 0.988 0.986 0.987 0.987 0.983 0.986 0.986 stable
   Interface 1|3: 1.000 1.000 1.000 1.000 1.000 1.000 1.000 1.000 1.000 1.000 stable
   Interface 2|3: 0.987 0.989 0.988 0.988 0.988 0.989 0.988 0.988 0.988 0.987 stable
## Final nscal:
   Domain 1: nscal = 1.1556
   Domain 2: nscal = 1.1556
   Domain 3: nscal = 1.1556
   Interface 1|2: nscal = 2.167
   Interface 1|3: nscal = 1.2747
   Interface 2|3: nscal = 2.167
