  Time(ns)                Steps      Q_tot      Q_mod
     0.075                 5000     0.4592         NA
     0.150                10000     0.4660         NA
     0.225                15000     0.4830         NA
     0.300                20000     0.5204         NA
     0.375                25000     0.5272         NA
     0.450                30000     0.5034         NA
     0.525                35000     0.5374         NA
     0.600                40000     0.5068         NA
     0.675                45000     0.5646         NA
     0.750                50000     0.5306         NA
     0.825                55000     0.5170         NA
     0.900                60000     0.5102         NA
     0.975                65000     0.5340         NA
     1.050                70000     0.5068         NA
     1.125                75000     0.5068         NA
     1.200                80000     0.5238         NA
     1.275                85000     0.4456         NA
     1.350                90000     0.4864         NA
     1.425                95000     0.4796         NA
     1.500               100000     0.4966         NA
     1.575               105000     0.4864         NA
     1.650               110000     0.4966         NA
     1.725               115000     0.4592         NA
     1.800               120000     0.4932         NA
     1.875               125000     0.4728         NA
     1.950               130000     0.4796         NA
     2.025               135000     0.4524         NA
     2.100               140000     0.4728         NA
     2.175               145000     0.5000         NA
     2.250               150000     0.4694         NA
     2.325               155000     0.4728         NA
     2.400               160000     0.4830         NA
     2.475               165000     0.4966         NA
     2.550               170000     0.4864         NA
     2.625               175000     0.5136         NA
     2.700               180000     0.4966         NA
     2.775               185000     0.4966         NA
     2.850               190000     0.5340         NA
     2.925               195000     0.5000         NA
     3.000               200000     0.5034         NA
     3.075               205000     0.4694         NA
     3.150               210000     0.4898         NA
     3.225               215000     0.4830         NA
     3.300               220000     0.5000         NA
     3.375               225000     0.4966         NA
     3.450               230000     0.4966         NA
     3.525               235000     0.4592         NA
     3.600               240000     0.4728         NA
     3.675               245000     0.5136         NA
     3.750               250000     0.4966         NA
     3.825               255000     0.5136         NA
     3.900               260000     0.4932         NA
     3.975               265000     0.4796         NA
     4.050               270000     0.4762         NA
     4.125               275000     0.4966         NA
     4.200               280000     0.5170         NA
     4.275               285000     0.4796         NA
     4.350               290000     0.4864         NA
     4.425               295000     0.4660         NA
     4.500               300000     0.5000         NA
     4.575               305000     0.4864         NA
     4.650               310000     0.5034         NA
     4.725               315000     0.4898         NA
     4.800               320000     0.5510         NA
     4.875               325000     0.5408         NA
     4.950               330000     0.5068         NA
     5.025               335000     0.5204         NA
     5.100               340000     0.5340         NA
     5.175               345000     0.5408         NA
     5.250               350000     0.5136         NA
     5.325               355000     0.5102         NA
     5.400               360000     0.4932         NA
     5.475               365000     0.5340         NA
     5.550               370000     0.4830         NA
     5.625               375000     0.4932         NA
     5.700               380000     0.4796         NA
     5.775               385000     0.5170         NA
     5.850               390000     0.4762         NA
     5.925               395000     0.4660         NA
     6.000               400000     0.5000         NA
     6.075               405000     0.4592         NA
     6.150               410000     0.4830         NA
     6.225               415000     0.4898         NA
     6.300               420000     0.4830         NA
     6.375               425000     0.4048         NA
     6.450               430000     0.5000         NA
     6.525               435000     0.4728         NA
     6.600               440000     0.4558         NA
     6.675               445000     0.4626         NA
     6.750               450000     0.4558         NA
     6.825               455000     0.4626         NA
     6.900               460000     0.4898         NA
     6.975               465000     0.5068         NA
     7.050               470000     0.5102         NA
     7.125               475000     0.5408         NA
     7.200               480000     0.5340         NA
     7.275               485000     0.5272         NA
     7.350               490000     0.5136         NA
     7.425               495000     0.5476         NA
     7.500               500000     0.5238         NA
     7.575               505000     0.5442         NA
     7.650               510000     0.5170         NA
     7.725               515000     0.5374         NA
     7.800               520000     0.5170         NA
     7.875               525000     0.5034         NA
     7.950               530000     0.4966         NA
     8.025               535000     0.5000         NA
     8.100               540000     0.5272         NA
     8.175               545000     0.5238         NA
     8.250               550000     0.4864         NA
     8.325               555000     0.5204         NA
     8.400               560000     0.4830         NA
     8.475               565000     0.4932         NA
     8.550               570000     0.4830         NA
     8.625               575000     0.4660         NA
     8.700               580000     0.5000         NA
     8.775               585000     0.5238         NA
     8.850               590000     0.5340         NA
     8.925               595000     0.5000         NA
     9.000               600000     0.4898         NA
     9.075               605000     0.4932         NA
     9.150               610000     0.4762         NA
     9.225               615000     0.4796         NA
     9.300               620000     0.5272         NA
     9.375               625000     0.5068         NA
     9.450               630000     0.4830         NA
     9.525               635000     0.4592         NA
     9.600               640000     0.5102         NA
     9.675               645000     0.4762         NA
     9.750               650000     0.4694         NA
     9.825               655000     0.4966         NA
     9.900               660000     0.5170         NA
     9.975               665000     0.5000         NA
    10.050               670000     0.4830         NA
    10.125               675000     0.4592         NA
    10.200               680000     0.4966         NA
    10.275               685000     0.5374         NA
    10.350               690000     0.5578         NA
    10.425               695000     0.5272         NA
    10.500               700000     0.5068         NA
    10.575               705000     0.5442         NA
    10.650               710000     0.4932         NA
    10.725               715000     0.4898         NA
    10.800               720000     0.4864         NA
    10.875               725000     0.4796         NA
    10.950               730000     0.4694         NA
    11.025               735000     0.5136         NA
    11.100               740000     0.5034         NA
    11.175               745000     0.5000         NA
    11.250               750000     0.5102         NA
    11.325               755000     0.5034         NA
    11.400               760000     0.5340         NA
    11.475               765000     0.5204         NA
    11.550               770000     0.4728         NA
    11.625               775000     0.5034         NA
    11.700               780000     0.4694         NA
    11.775               785000     0.5102         NA
    11.850               790000     0.5170         NA
    11.925               795000     0.5204         NA
    12.000               800000     0.5102         NA
    12.075               805000     0.4830         NA
    12.150               810000     0.4966         NA
    12.225               815000     0.4932         NA
    12.300               820000     0.5170         NA
    12.375               825000     0.5034         NA
    12.450               830000     0.5578         NA
    12.525               835000     0.5748         NA
    12.600               840000     0.5748         NA
    12.675               845000     0.6156         NA
    12.750               850000     0.6327         NA
    12.825               855000     0.6463         NA
    12.900               860000     0.6565         NA
    12.975               865000     0.5952         NA
    13.050               870000     0.6327         NA
    13.125               875000     0.5612         NA
    13.200               880000     0.5850         NA
    13.275               885000     0.5782         NA
    13.350               890000     0.6361         NA
    13.425               895000     0.6259         NA
    13.500               900000     0.5476         NA
    13.575               905000     0.5850         NA
    13.650               910000     0.5510         NA
    13.725               915000     0.5510         NA
    13.800               920000     0.5204         NA
    13.875               925000     0.5238         NA
    13.950               930000     0.5306         NA
    14.025               935000     0.5476         NA
    14.100               940000     0.5442         NA
    14.175               945000     0.5238         NA
    14.250               950000     0.5918         NA
    14.325               955000     0.5136         NA
    14.400               960000     0.5816         NA
    14.475               965000     0.5476         NA
    14.550               970000     0.5136         NA
    14.625               975000     0.5476         NA
    14.700               980000     0.5340         NA
    14.775               985000     0.5476         NA
    14.850               990000     0.5544         NA
    14.925               995000     0.5340         NA
    15.000              1000000     0.5714         NA
    15.075              1005000     0.5646     0.5100
    15.150              1010000     0.5408     0.5100
    15.225              1015000     0.5204     0.5100
    15.300              1020000     0.5408     0.5100
    15.375              1025000     0.5238     0.5100
    15.450              1030000     0.5204     0.5100
    15.525              1035000     0.5748     0.5100
    15.600              1040000     0.5408     0.5100
    15.675              1045000     0.5442     0.5100
    15.750              1050000     0.5748     0.5100
    15.825              1055000     0.5918     0.5100
    15.900              1060000     0.5374     0.5100
    15.975              1065000     0.5170     0.5100
    16.050              1070000     0.4864     0.5100
    16.125              1075000     0.5204     0.4900
    16.200              1080000     0.5442     0.4900
    16.275              1085000     0.5374     0.4900
    16.350              1090000     0.5884     0.4900
    16.425              1095000     0.6803     0.4900
    16.500              1100000     0.5714     0.4900
    16.575              1105000     0.5714     0.5100
    16.650              1110000     0.5578     0.5100
    16.725              1115000     0.5170     0.5100
    16.800              1120000     0.5578     0.5100
    16.875              1125000     0.6122     0.5100
    16.950              1130000     0.6122     0.5100
    17.025              1135000     0.6190     0.5100
    17.100              1140000     0.5884     0.5100
    17.175              1145000     0.5986     0.5100
    17.250              1150000     0.5952     0.5100
    17.325              1155000     0.5816     0.5100
    17.400              1160000     0.6259     0.5100
    17.475              1165000     0.6429     0.5100
    17.550              1170000     0.6122     0.5100
    17.625              1175000     0.6497     0.5100
    17.700              1180000     0.6088     0.5100
    17.775              1185000     0.6769     0.5100
    17.850              1190000     0.6633     0.5100
    17.925              1195000     0.6463     0.5100
    18.000              1200000     0.6531     0.5100
    18.075              1205000     0.5816     0.5100
    18.150              1210000     0.5748     0.5100
    18.225              1215000     0.5374     0.5100
    18.300              1220000     0.5578     0.5100
    18.375              1225000     0.5816     0.5100
    18.450              1230000     0.5374     0.5100
    18.525              1235000     0.6088     0.5100
    18.600              1240000     0.5238     0.5100
    18.675              1245000     0.4694     0.5100
    18.750              1250000     0.4456     0.5100
    18.825              1255000     0.5068     0.5100
    18.900              1260000     0.5442     0.5100
    18.975              1265000     0.5578     0.5100
    19.050              1270000     0.4864     0.5100
    19.125              1275000     0.4830     0.5100
    19.200              1280000     0.4898     0.5100
    19.275              1285000     0.4694     0.5100
    19.350              1290000     0.4626     0.5100
    19.425              1295000     0.4898     0.5100
    19.500              1300000     0.4592     0.5100
    19.575              1305000     0.4864     0.5100
    19.650              1310000     0.5136     0.5100
    19.725              1315000     0.4898     0.5100
    19.800              1320000     0.4966     0.5100
    19.875              1325000     0.4796     0.5100
    19.950              1330000     0.4966     0.5100
    20.025              1335000     0.5034     0.5100
    20.100              1340000     0.5170     0.5100
    20.175              1345000     0.5170     0.5100
    20.250              1350000     0.4796     0.5100
    20.325              1355000     0.5136     0.5100
    20.400              1360000     0.4864     0.5100
    20.475              1365000     0.4830     0.5100
    20.550              1370000     0.4796     0.5100
    20.625              1375000     0.4524     0.5100
    20.700              1380000     0.4592     0.5100
    20.775              1385000     0.4354     0.5100
    20.850              1390000     0.4354     0.5100
    20.925              1395000     0.5034     0.5100
    21.000              1400000     0.4966     0.5100
    21.075              1405000     0.4830     0.5100
    21.150              1410000     0.5102     0.5100
    21.225              1415000     0.4898     0.5100
    21.300              1420000     0.4728     0.5100
    21.375              1425000     0.5000     0.5100
    21.450              1430000     0.5102     0.5100
    21.525              1435000     0.5170     0.5100
    21.600              1440000     0.4184     0.5100
    21.675              1445000     0.4728     0.5100
    21.750              1450000     0.4796     0.5100
    21.825              1455000     0.4626     0.5100
    21.900              1460000     0.4830     0.5100
    21.975              1465000     0.4354     0.5100
    22.050              1470000     0.4626     0.5100
    22.125              1475000     0.4830     0.5100
    22.200              1480000     0.4592     0.5100
    22.275              1485000     0.4864     0.5100
    22.350              1490000     0.5102     0.5100
    22.425              1495000     0.4762     0.5100
    22.500              1500000     0.4762     0.5100
    22.575              1505000     0.4524     0.5100
    22.650              1510000     0.4728     0.5100
    22.725              1515000     0.4422     0.5100
    22.800              1520000     0.4728     0.5100
    22.875              1525000     0.4524     0.5100
    22.950              1530000     0.4660     0.5100
    23.025              1535000     0.4626     0.5100
    23.100              1540000     0.4728     0.5100
    23.175              1545000     0.5068     0.5100
    23.250              1550000     0.4728     0.5100
    23.325              1555000     0.5204     0.5100
    23.400              1560000     0.4898     0.5100
    23.475              1565000     0.5136     0.5100
    23.550              1570000     0.4728     0.5100
    23.625              1575000     0.4456     0.5100
    23.700              1580000     0.4796     0.5100
    23.775              1585000     0.4830     0.5100
    23.850              1590000     0.4966     0.5100
    23.925              1595000     0.5068     0.5100
    24.000              1600000     0.4932     0.5100
    24.075              1605000     0.5102     0.5100
    24.150              1610000     0.5136     0.5100
    24.225              1615000     0.5544     0.5100
    24.300              1620000     0.5170     0.5100
    24.375              1625000     0.5102     0.5100
    24.450              1630000     0.5136     0.5100
    24.525              1635000     0.5272     0.5100
    24.600              1640000     0.4898     0.5100
    24.675              1645000     0.5340     0.5100
    24.750              1650000     0.5306     0.5100
    24.825              1655000     0.5442     0.5100
    24.900              1660000     0.4796     0.5100
    24.975              1665000     0.5204     0.5100
    25.050              1670000     0.5408     0.5100
    25.125              1675000     0.5238     0.5100
    25.200              1680000     0.5918     0.5100
    25.275              1685000     0.5340     0.5100
    25.350              1690000     0.5170     0.5100
    25.425              1695000     0.5340     0.5100
    25.500              1700000     0.4864     0.5100
    25.575              1705000     0.5238     0.5100
    25.650              1710000     0.5408     0.5100
    25.725              1715000     0.5442     0.5100
    25.800              1720000     0.5918     0.5100
    25.875              1725000     0.5476     0.5100
    25.950              1730000     0.5952     0.5100
    26.025              1735000     0.5748     0.5100
    26.100              1740000     0.5646     0.5100
    26.175              1745000     0.5374     0.5100
    26.250              1750000     0.5646     0.5100
    26.325              1755000     0.5544     0.5100
    26.400              1760000     0.5646     0.5100
    26.475              1765000     0.5306     0.5100
    26.550              1770000     0.5170     0.5100
    26.625              1775000     0.5442     0.5100
    26.700              1780000     0.5442     0.5100
    26.775              1785000     0.5340     0.5100
    26.850              1790000     0.5272     0.5100
    26.925              1795000     0.5510     0.5500
    27.000              1800000     0.5646     0.5500
    27.075              1805000     0.5272     0.5500
    27.150              1810000     0.5544     0.5500
    27.225              1815000     0.6156     0.5500
    27.300              1820000     0.6088     0.5500
    27.375              1825000     0.6701     0.5500
    27.450              1830000     0.6327     0.5500
    27.525              1835000     0.6667     0.5500
    27.600              1840000     0.6531     0.5500
    27.675              1845000     0.6224     0.5500
    27.750              1850000     0.6633     0.5500
    27.825              1855000     0.6122     0.5500
    27.900              1860000     0.6054     0.5500
    27.975              1865000     0.5578     0.5500
    28.050              1870000     0.6088     0.5500
    28.125              1875000     0.5714     0.5500
    28.200              1880000     0.5816     0.5500
    28.275              1885000     0.6395     0.5500
    28.350              1890000     0.6531     0.5500
    28.425              1895000     0.6871     0.5500
    28.500              1900000     0.7075     0.5500
    28.575              1905000     0.7041     0.5500
    28.650              1910000     0.7415     0.5500
    28.725              1915000     0.6871     0.5300
    28.800              1920000     0.6837     0.5300
    28.875              1925000     0.6837     0.5300
    28.950              1930000     0.6156     0.5500
    29.025              1935000     0.7075     0.5500
    29.100              1940000     0.7109     0.5500
    29.175              1945000     0.7041     0.5100
    29.250              1950000     0.7347     0.5100
    29.325              1955000     0.7619     0.5100
    29.400              1960000     0.6939     0.5500
    29.475              1965000     0.7585     0.5500
    29.550              1970000     0.7891     0.5100
    29.625              1975000     0.8299     0.5300
    29.700              1980000     0.7211     0.5300
    29.775              1985000     0.7517     0.5100
    29.850              1990000     0.8095     0.5100
    29.925              1995000     0.7993     0.5100
    30.000              2000000     0.8163     0.5100
    30.075              2005000     0.8299     0.5100
    30.150              2010000     0.8129     0.5100
    30.225              2015000     0.8673     0.5100
    30.300              2020000     0.8537     0.5100
    30.375              2025000     0.8435     0.5100
    30.450              2030000     0.8707     0.5100
    30.525              2035000     0.8571     0.5100
    30.600              2040000     0.8707     0.5100
    30.675              2045000     0.8639     0.5100
    30.750              2050000     0.8605     0.5100
    30.825              2055000     0.8673     0.5100
    30.900              2060000     0.8741     0.5100
    30.975              2065000     0.8639     0.5100
    31.050              2070000     0.8776     0.4900
    31.125              2075000     0.8571     0.5100
    31.200              2080000     0.8707     0.5100
    31.275              2085000     0.8946     0.5100
    31.350              2090000     0.8673     0.5100
    31.425              2095000     0.8673     0.5100
    31.500              2100000     0.8639     0.5100
    31.575              2105000     0.8707     0.5100
    31.650              2110000     0.8469     0.5100
    31.725              2115000     0.8571     0.5100
    31.800              2120000     0.8095     0.4700
    31.875              2125000     0.8231     0.4700
    31.950              2130000     0.8605     0.4700
    32.025              2135000     0.8844     0.4700
    32.100              2140000     0.9082     0.4700
    32.175              2145000     0.9320     0.4700
    32.250              2150000     0.9388     0.4700
    32.325              2155000     0.9354     0.4700
    32.400              2160000     0.9116     0.4700
    32.475              2165000     0.9218     0.4700
    32.550              2170000     0.9490     0.4700
    32.625              2175000     0.9354     0.4700
    32.700              2180000     0.9286     0.4700
    32.775              2185000     0.9218     0.4700
    32.850              2190000     0.9014     0.4700
    32.925              2195000     0.8844     0.4700
    33.000              2200000     0.9116     0.4700
    33.075              2205000     0.9320     0.4700
    33.150              2210000     0.9150     0.4700
    33.225              2215000     0.8810     0.4700
    33.300              2220000     0.9218     0.4700
    33.375              2225000     0.9184     0.4700
    33.450              2230000     0.9320     0.4700
    33.525              2235000     0.8980     0.4700
    33.600              2240000     0.8980     0.4700
    33.675              2245000     0.9014     0.4700
    33.750              2250000     0.9048     0.4900
    33.825              2255000     0.9252     0.4900
    33.900              2260000     0.9490     0.4900
    33.975              2265000     0.8776     0.4900
    34.050              2270000     0.8912     0.4900
    34.125              2275000     0.8912     0.4700
    34.200              2280000     0.9116     0.4700
    34.275              2285000     0.8980     0.4700
    34.350              2290000     0.9184     0.5100
    34.425              2295000     0.9048     0.5100
    34.500              2300000     0.9184     0.5100
    34.575              2305000     0.8639     0.5100
    34.650              2310000     0.9218     0.5100
    34.725              2315000     0.8878     0.5100
    34.800              2320000     0.9184     0.5100
    34.875              2325000     0.9320     0.5100
    34.950              2330000     0.9456     0.5100
    35.025              2335000     0.8878     0.5100
    35.100              2340000     0.9184     0.5100
    35.175              2345000     0.9252     0.4700
    35.250              2350000     0.9456     0.4700
    35.325              2355000     0.9014     0.4700
    35.400              2360000     0.9388     0.4700
    35.475              2365000     0.9048     0.4700
    35.550              2370000     0.9286     0.4700
    35.625              2375000     0.8912     0.8700
    35.700              2380000     0.9184     0.8700
    35.775              2385000     0.9116     0.9100
    35.850              2390000     0.9218     0.9100
    35.925              2395000     0.8912     0.9100
    36.000              2400000     0.8878     0.9100
    36.075              2405000     0.9116     0.9100
    36.150              2410000     0.9252     0.9100
    36.225              2415000     0.8980     0.9100
    36.300              2420000     0.9184     0.9100
    36.375              2425000     0.9252     0.9100
    36.450              2430000     0.8980     0.9100
    36.525              2435000     0.9286     0.9100
    36.600              2440000     0.8980     0.9100
    36.675              2445000     0.8571     0.9100
    36.750              2450000     0.9082     0.9100
    36.825              2455000     0.9048     0.9100
    36.900              2460000     0.9082     0.9100
    36.975              2465000     0.9150     0.9100
    37.050              2470000     0.9286     0.9100
    37.125              2475000     0.9150     0.9100
    37.200              2480000     0.9048     0.9100
    37.275              2485000     0.8844     0.9100
    37.350              2490000     0.8980     0.9100
    37.425              2495000     0.8980     0.9100
    37.500              2500000     0.9014     0.9100
    37.575              2505000     0.8946     0.9100
    37.650              2510000     0.9082     0.9100
    37.725              2515000     0.8571     0.9100
    37.800              2520000     0.9014     0.9100
    37.875              2525000     0.8878     0.9100
    37.950              2530000     0.9082     0.9100
    38.025              2535000     0.8980     0.9100
    38.100              2540000     0.8980     0.9100
    38.175              2545000     0.8912     0.9100
    38.250              2550000     0.9218     0.9100
    38.325              2555000     0.9048     0.9100
    38.400              2560000     0.9116     0.9100
    38.475              2565000     0.8844     0.9100
    38.550              2570000     0.8673     0.9100
    38.625              2575000     0.8912     0.9100
    38.700              2580000     0.8980     0.9100
    38.775              2585000     0.8946     0.9100
    38.850              2590000     0.9626     0.9100
    38.925              2595000     0.9184     0.9100
    39.000              2600000     0.9388     0.9100
    39.075              2605000     0.9728     0.9100
    39.150              2610000     0.9218     0.9100
    39.225              2615000     0.9388     0.9100
    39.300              2620000     0.9558     0.9100
    39.375              2625000     0.9422     0.9100
    39.450              2630000     0.9252     0.9100
    39.525              2635000     0.9388     0.9100
    39.600              2640000     0.9354     0.9100
    39.675              2645000     0.9660     0.9100
    39.750              2650000     0.9286     0.9100
    39.825              2655000     0.9320     0.9100
    39.900              2660000     0.9286     0.9100
    39.975              2665000     0.9490     0.9100
    40.050              2670000     0.9286     0.9100
    40.125              2675000     0.9286     0.9100
    40.200              2680000     0.9456     0.9100
    40.275              2685000     0.9218     0.9300
    40.350              2690000     0.9694     0.9300
    40.425              2695000     0.9354     0.9300
    40.500              2700000     0.9558     0.9300
    40.575              2705000     0.9592     0.9300
    40.650              2710000     0.9592     0.9300
    40.725              2715000     0.9592     0.9300
    40.800              2720000     0.9456     0.9300
    40.875              2725000     0.9592     0.9300
    40.950              2730000     0.9286     0.9300
    41.025              2735000     0.9184     0.9300
    41.100              2740000     0.9592     0.9300
    41.175              2745000     0.9660     0.9300
    41.250              2750000     0.9388     0.9300
    41.325              2755000     0.9660     0.9300
    41.400              2760000     0.9388     0.9300
    41.475              2765000     0.9660     0.9300
    41.550              2770000     0.9456     0.9300
    41.625              2775000     0.9660     0.9300
    41.700              2780000     0.9592     0.9300
    41.775              2785000     0.9592     0.9300
    41.850              2790000     0.9592     0.9300
    41.925              2795000     0.9524     0.9300
    42.000              2800000     0.9218     0.9300
    42.075              2805000     0.9626     0.9300
    42.150              2810000     0.9626     0.9300
    42.225              2815000     0.9524     0.9300
    42.300              2820000     0.9354     0.9300
    42.375              2825000     0.9660     0.9300
    42.450              2830000     0.9728     0.9300
    42.525              2835000     0.9694     0.9300
    42.600              2840000     0.9320     0.9300
    42.675              2845000     0.9354     0.9300
    42.750              2850000     0.9592     0.9300
    42.825              2855000     0.9694     0.9300
    42.900              2860000     0.9524     0.9300
    42.975              2865000     0.9694     0.9300
    43.050              2870000     0.9626     0.9300
    43.125              2875000     0.9626     0.9300
    43.200              2880000     0.9694     0.9300
    43.275              2885000     0.9388     0.9300
    43.350              2890000     0.9694     0.9300
    43.425              2895000     0.9626     0.9300
    43.500              2900000     0.9592     0.9300
    43.575              2905000     0.9252     0.9300
    43.650              2910000     0.9558     0.9300
    43.725              2915000     0.9184     0.9300
    43.800              2920000     0.9456     0.9300
    43.875              2925000     0.9456     0.9300
    43.950              2930000     0.9320     0.9300
    44.025              2935000     0.9184     0.9300
    44.100              2940000     0.9524     0.9300
    44.175              2945000     0.9388     0.9300
    44.250              2950000     0.9728     0.9300
    44.325              2955000     0.9422     0.9300
    44.400              2960000     0.9422     0.9300
    44.475              2965000     0.9796     0.9300
    44.550              2970000     0.9490     0.9300
    44.625              2975000     0.9490     0.9300
    44.700              2980000     0.9320     0.9300
    44.775              2985000     0.9252     0.9300
    44.850              2990000     0.9592     0.9300
    44.925              2995000     0.9728     0.9300
    45.000              3000000     0.9422     0.9300
    45.075              3005000     0.9524     0.9300
    45.150              3010000     0.9524     0.9300
    45.225              3015000     0.9592     0.9300
    45.300              3020000     0.9660     0.9300
    45.375              3025000     0.9626     0.9300
    45.450              3030000     0.9694     0.9300
    45.525              3035000     0.9524     0.9300
    45.600              3040000     0.9660     0.9300
    45.675              3045000     0.9286     0.9300
    45.750              3050000     0.9218     0.9300
    45.825              3055000     0.9354     0.9300
    45.900              3060000     0.9728     0.9300
    45.975              3065000     0.9422     0.9300
    46.050              3070000     0.9490     0.9300
    46.125              3075000     0.9354     0.9300
    46.200              3080000     0.9626     0.9300
    46.275              3085000     0.9626     0.9300
    46.350              3090000     0.9218     0.9300
    46.425              3095000     0.9592     0.9300
    46.500              3100000     0.9796     0.9300
    46.575              3105000     0.9524     0.9300
    46.650              3110000     0.9592     0.9300
    46.725              3115000     0.9388     0.9300
    46.800              3120000     0.9320     0.9300
    46.875              3125000     0.9558     0.9300
    46.950              3130000     0.9524     0.9300
    47.025              3135000     0.9694     0.9300
    47.100              3140000     0.9456     0.9300
    47.175              3145000     0.9354     0.9300
    47.250              3150000     0.9524     0.9300
    47.325              3155000     0.9558     0.9300
    47.400              3160000     0.9728     0.9300
    47.475              3165000     0.9694     0.9300
    47.550              3170000     0.9728     0.9300
    47.625              3175000     0.9796     0.9300
    47.700              3180000     0.9728     0.9300
Done.
