     0.015                 1000      0.000
     0.030                 2000      0.000
     0.045                 3000      0.000
     0.060                 4000      0.000
     0.075                 5000      0.000
     0.090                 6000      0.000
     0.105                 7000      0.000
     0.120                 8000      0.040
     0.135                 9000      0.000
     0.150                10000      0.160
     0.165                11000      0.040
     0.180                12000      0.080
     0.195                13000      0.100
     0.210                14000      0.100
     0.225                15000      0.180
     0.240                16000      0.080
     0.255                17000      0.200
     0.270                18000      0.120
     0.285                19000      0.060
     0.300                20000      0.000
     0.315                21000      0.000
     0.330                22000      0.000
     0.345                23000      0.000
     0.360                24000      0.000
     0.375                25000      0.000
     0.390                26000      0.000
     0.405                27000      0.000
     0.420                28000      0.020
     0.435                29000      0.000
     0.450                30000      0.000
     0.465                31000      0.060
     0.480                32000      0.020
     0.495                33000      0.000
     0.510                34000      0.000
     0.525                35000      0.000
     0.540                36000      0.000
     0.555                37000      0.000
     0.570                38000      0.060
     0.585                39000      0.020
     0.600                40000      0.020
     0.615                41000      0.040
     0.630                42000      0.000
     0.645                43000      0.000
     0.660                44000      0.000
     0.675                45000      0.000
     0.690                46000      0.000
     0.705                47000      0.000
     0.720                48000      0.000
     0.735                49000      0.000
     0.750                50000      0.000
     0.765                51000      0.000
     0.780                52000      0.000
     0.795                53000      0.000
     0.810                54000      0.000
     0.825                55000      0.000
     0.840                56000      0.000
     0.855                57000      0.000
     0.870                58000      0.000
     0.885                59000      0.000
     0.900                60000      0.000
     0.915                61000      0.000
     0.930                62000      0.000
     0.945                63000      0.060
     0.960                64000      0.060
     0.975                65000      0.020
     0.990                66000      0.000
     1.005                67000      0.000
     1.020                68000      0.000
     1.035                69000      0.000
     1.050                70000      0.000
     1.065                71000      0.000
     1.080                72000      0.000
     1.095                73000      0.000
     1.110                74000      0.000
     1.125                75000      0.000
     1.140                76000      0.000
     1.155                77000      0.000
     1.170                78000      0.000
     1.185                79000      0.000
     1.200                80000      0.000
     1.215                81000      0.000
     1.230                82000      0.020
     1.245                83000      0.000
     1.260                84000      0.120
     1.275                85000      0.080
     1.290                86000      0.200
     1.305                87000      0.200
     1.320                88000      0.160
     1.335                89000      0.300
     1.350                90000      0.280
     1.365                91000      0.220
     1.380                92000      0.380
     1.395                93000      0.300
     1.410                94000      0.300
     1.425                95000      0.380
     1.440                96000      0.240
     1.455                97000      0.360
     1.470                98000      0.320
     1.485                99000      0.340
     1.500               100000      0.420
     1.515               101000      0.360
     1.530               102000      0.380
     1.545               103000      0.540
     1.560               104000      0.480
     1.575               105000      0.460
     1.590               106000      0.480
     1.605               107000      0.540
     1.620               108000      0.260
     1.635               109000      0.300
     1.650               110000      0.300
     1.665               111000      0.420
     1.680               112000      0.280
     1.695               113000      0.280
     1.710               114000      0.300
     1.725               115000      0.420
     1.740               116000      0.480
     1.755               117000      0.360
     1.770               118000      0.380
     1.785               119000      0.320
     1.800               120000      0.420
     1.815               121000      0.360
     1.830               122000      0.260
     1.845               123000      0.260
     1.860               124000      0.360
     1.875               125000      0.360
     1.890               126000      0.420
     1.905               127000      0.340
     1.920               128000      0.320
     1.935               129000      0.240
     1.950               130000      0.340
     1.965               131000      0.260
     1.980               132000      0.200
     1.995               133000      0.180
     2.010               134000      0.180
     2.025               135000      0.280
     2.040               136000      0.340
     2.055               137000      0.360
     2.070               138000      0.400
     2.085               139000      0.380
     2.100               140000      0.520
     2.115               141000      0.500
     2.130               142000      0.540
     2.145               143000      0.600
     2.160               144000      0.360
     2.175               145000      0.460
     2.190               146000      0.400
     2.205               147000      0.500
     2.220               148000      0.380
     2.235               149000      0.340
     2.250               150000      0.340
     2.265               151000      0.260
     2.280               152000      0.320
     2.295               153000      0.300
     2.310               154000      0.380
     2.325               155000      0.280
     2.340               156000      0.320
     2.355               157000      0.460
     2.370               158000      0.400
     2.385               159000      0.420
     2.400               160000      0.500
     2.415               161000      0.400
     2.430               162000      0.440
     2.445               163000      0.480
     2.460               164000      0.480
     2.475               165000      0.500
     2.490               166000      0.440
     2.505               167000      0.540
     2.520               168000      0.460
     2.535               169000      0.460
     2.550               170000      0.560
     2.565               171000      0.600
     2.580               172000      0.420
     2.595               173000      0.500
     2.610               174000      0.480
     2.625               175000      0.440
     2.640               176000      0.480
     2.655               177000      0.520
     2.670               178000      0.500
     2.685               179000      0.380
     2.700               180000      0.360
     2.715               181000      0.360
     2.730               182000      0.460
     2.745               183000      0.460
     2.760               184000      0.340
     2.775               185000      0.420
     2.790               186000      0.420
     2.805               187000      0.400
     2.820               188000      0.500
     2.835               189000      0.380
     2.850               190000      0.380
     2.865               191000      0.440
     2.880               192000      0.460
     2.895               193000      0.420
     2.910               194000      0.400
     2.925               195000      0.340
     2.940               196000      0.400
     2.955               197000      0.500
     2.970               198000      0.460
     2.985               199000      0.540
     3.000               200000      0.420
     3.015               201000      0.400
     3.030               202000      0.400
     3.045               203000      0.440
     3.060               204000      0.460
     3.075               205000      0.440
     3.090               206000      0.440
     3.105               207000      0.360
     3.120               208000      0.240
     3.135               209000      0.280
     3.150               210000      0.340
     3.165               211000      0.260
     3.180               212000      0.280
     3.195               213000      0.300
     3.210               214000      0.440
     3.225               215000      0.400
     3.240               216000      0.400
     3.255               217000      0.300
     3.270               218000      0.520
     3.285               219000      0.360
     3.300               220000      0.380
     3.315               221000      0.560
     3.330               222000      0.460
     3.345               223000      0.240
     3.360               224000      0.320
     3.375               225000      0.420
     3.390               226000      0.580
     3.405               227000      0.760
     3.420               228000      0.860
     3.435               229000      0.900
     3.450               230000      0.880
     3.465               231000      0.700
     3.480               232000      0.860
     3.495               233000      0.820
     3.510               234000      0.880
     3.525               235000      0.820
     3.540               236000      0.780
     3.555               237000      0.860
     3.570               238000      0.900
     3.585               239000      0.800
     3.600               240000      0.840
     3.615               241000      0.660
     3.630               242000      0.920
     3.645               243000      0.900
     3.660               244000      1.000
     3.675               245000      0.880
     3.690               246000      0.880
     3.705               247000      0.960
     3.720               248000      0.960
     3.735               249000      0.900
     3.750               250000      0.900
     3.765               251000      0.940
